<?xml version="1.0" encoding="utf-8"?><testsuites name="pytest tests"><testsuite name="pytest" errors="0" failures="0" skipped="1" tests="10" time="4.100" timestamp="2026-09-03T20:15:29.560926+07:00" hostname="LONGLAPTOP"><testcase classname="tests.integration.test_orders_api" name="test_successful_checkout_creates_order_and_decrements_stock" time="2.203" /><testcase classname="tests.integration.test_orders_api" name="test_declined_checkout_rolls_back_order_and_stock" time="0.016" /><testcase classname="tests.integration.test_orders_api" name="test_order_list_is_scoped_to_authenticated_user" time="0.030" /><testcase classname="tests.integration.test_orders_api" name="test_anonymous_user_cannot_access_orders" time="0.006" /><testcase classname="tests.failure.test_pipeline_failure" name="test_intentional_pipeline_failure_is_detected" time="0.004"><skipped type="pytest.skip" message="Set DEMO_INTENTIONAL_FAILURE=1 only for the CI failure demo.">D:\HOANG_LONG\OTHERS\LONG\STUDY\STUDY_RMIT\Courses_details\Sys_Deployment_and_Operations\Sem_2_2026\Assignments_and_Tests\Sys_Dev_A2\2026b-cosc2767-a2-sg-devops-meow-gang\server\tests\failure\test_pipeline_failure.py:22: Set DEMO_INTENTIONAL_FAILURE=1 only for the CI failure demo.</skipped></testcase><testcase classname="tests.unit.test_payment" name="test_valid_payment_input" time="0.003" /><testcase classname="tests.unit.test_payment" name="test_invalid_payment_input" time="0.004" /><testcase classname="tests.unit.test_pricing" name="test_subtotal_calculation" time="0.003" /><testcase classname="tests.unit.test_pricing" name="test_tax_calculations" time="0.003" /><testcase classname="tests.unit.test_pricing" name="test_total_calculation" time="0.003" /></testsuite></testsuites>